<?xml version="1.0" encoding="UTF-8"?>
<testsuite name="ru.netology.CashBackHackerTest" tests="1" skipped="0" failures="0" errors="0" timestamp="2023-03-25T21:52:53" hostname="MSI" time="0.003">
  <properties/>
  <testcase name="testRemain1" classname="ru.netology.CashBackHackerTest" time="0.003"/>
  <system-out><![CDATA[]]></system-out>
  <system-err><![CDATA[]]></system-err>
</testsuite>
